2025-12-20 21:37:17,353 | INFO | io_xlsx | Loaded 992 rows (skipped 226)
2025-12-20 21:37:17,354 | INFO | main | Loaded 100 cases (after CIK normalization)
2025-12-20 21:37:17,392 | DEBUG | EdgarAsyncClient | GET https://data.sec.gov/api/xbrl/companyfacts/CIK0001097081.json
2025-12-20 21:37:17,395 | DEBUG | EdgarAsyncClient | GET https://data.sec.gov/api/xbrl/companyfacts/CIK0001503518.json
2025-12-20 21:37:17,395 | DEBUG | EdgarAsyncClient | GET https://data.sec.gov/api/xbrl/companyfacts/CIK0000018172.json
2025-12-20 21:37:17,728 | DEBUG | EdgarAsyncClient | GET https://data.sec.gov/api/xbrl/companyfacts/CIK0001167178.json
2025-12-20 21:37:18,059 | DEBUG | EdgarAsyncClient | GET https://data.sec.gov/api/xbrl/companyfacts/CIK0001168213.json
2025-12-20 21:37:18,393 | DEBUG | EdgarAsyncClient | GET https://data.sec.gov/api/xbrl/companyfacts/CIK0001606180.json
2025-12-20 21:37:18,725 | DEBUG | EdgarAsyncClient | GET https://data.sec.gov/api/xbrl/companyfacts/CIK0001013243.json
2025-12-20 21:37:19,060 | DEBUG | EdgarAsyncClient | GET https://data.sec.gov/api/xbrl/companyfacts/CIK0000913364.json
2025-12-20 21:37:19,392 | DEBUG | EdgarAsyncClient | GET https://data.sec.gov/api/xbrl/companyfacts/CIK0001393066.json
2025-12-20 21:37:19,727 | DEBUG | EdgarAsyncClient | GET https://data.sec.gov/api/xbrl/companyfacts/CIK0000074783.json
2025-12-20 21:37:20,069 | DEBUG | EdgarAsyncClient | GET https://data.sec.gov/api/xbrl/companyfacts/CIK0000817979.json
2025-12-20 21:37:20,393 | DEBUG | EdgarAsyncClient | GET https://data.sec.gov/api/xbrl/companyfacts/CIK0000002034.json
2025-12-20 21:37:20,726 | DEBUG | EdgarAsyncClient | GET https://data.sec.gov/api/xbrl/companyfacts/CIK0000883702.json
2025-12-20 21:37:21,059 | DEBUG | EdgarAsyncClient | GET https://data.sec.gov/api/xbrl/companyfacts/CIK0000937971.json
2025-12-20 21:37:21,397 | DEBUG | EdgarAsyncClient | GET https://data.sec.gov/api/xbrl/companyfacts/CIK0000030841.json
2025-12-20 21:37:21,727 | DEBUG | EdgarAsyncClient | GET https://data.sec.gov/api/xbrl/companyfacts/CIK0001017648.json
2025-12-20 21:37:22,059 | DEBUG | EdgarAsyncClient | GET https://data.sec.gov/api/xbrl/companyfacts/CIK0000796486.json
2025-12-20 21:37:22,392 | DEBUG | EdgarAsyncClient | GET https://data.sec.gov/api/xbrl/companyfacts/CIK0001602367.json
2025-12-20 21:37:22,726 | DEBUG | EdgarAsyncClient | GET https://data.sec.gov/api/xbrl/companyfacts/CIK0001078420.json
2025-12-20 21:37:23,060 | DEBUG | EdgarAsyncClient | GET https://data.sec.gov/api/xbrl/companyfacts/CIK0001010286.json
2025-12-20 21:37:23,393 | DEBUG | EdgarAsyncClient | GET https://data.sec.gov/api/xbrl/companyfacts/CIK0000096638.json
2025-12-20 21:37:23,726 | DEBUG | EdgarAsyncClient | GET https://data.sec.gov/api/xbrl/companyfacts/CIK0000876320.json
2025-12-20 21:37:24,064 | DEBUG | EdgarAsyncClient | GET https://data.sec.gov/api/xbrl/companyfacts/CIK0000002852.json
2025-12-20 21:37:24,395 | DEBUG | EdgarAsyncClient | GET https://data.sec.gov/api/xbrl/companyfacts/CIK0001337913.json
2025-12-20 21:37:24,726 | DEBUG | EdgarAsyncClient | GET https://data.sec.gov/api/xbrl/companyfacts/CIK0000003116.json
2025-12-20 21:37:25,061 | DEBUG | EdgarAsyncClient | GET https://data.sec.gov/api/xbrl/companyfacts/CIK0000202890.json
2025-12-20 21:37:25,393 | DEBUG | EdgarAsyncClient | GET https://data.sec.gov/api/xbrl/companyfacts/CIK0001058703.json
2025-12-20 21:37:25,725 | DEBUG | EdgarAsyncClient | GET https://data.sec.gov/api/xbrl/companyfacts/CIK0000885066.json
2025-12-20 21:37:26,060 | DEBUG | EdgarAsyncClient | GET https://data.sec.gov/api/xbrl/companyfacts/CIK0000909950.json
2025-12-20 21:37:26,394 | DEBUG | EdgarAsyncClient | GET https://data.sec.gov/api/xbrl/companyfacts/CIK0001376610.json
2025-12-20 21:37:26,726 | DEBUG | EdgarAsyncClient | GET https://data.sec.gov/api/xbrl/companyfacts/CIK0000003941.json
2025-12-20 21:37:27,059 | DEBUG | EdgarAsyncClient | GET https://data.sec.gov/api/xbrl/companyfacts/CIK0001301063.json
2025-12-20 21:37:27,392 | DEBUG | EdgarAsyncClient | GET https://data.sec.gov/api/xbrl/companyfacts/CIK0001690769.json
2025-12-20 21:37:27,726 | DEBUG | EdgarAsyncClient | GET https://data.sec.gov/api/xbrl/companyfacts/CIK0001013218.json
2025-12-20 21:37:28,060 | DEBUG | EdgarAsyncClient | GET https://data.sec.gov/api/xbrl/companyfacts/CIK0000874501.json
2025-12-20 21:37:28,393 | DEBUG | EdgarAsyncClient | GET https://data.sec.gov/api/xbrl/companyfacts/CIK0000027425.json
2025-12-20 21:37:28,725 | DEBUG | EdgarAsyncClient | GET https://data.sec.gov/api/xbrl/companyfacts/CIK0000027425.json
2025-12-20 21:37:29,059 | DEBUG | EdgarAsyncClient | GET https://data.sec.gov/api/xbrl/companyfacts/CIK0000714756.json
2025-12-20 21:37:29,393 | DEBUG | EdgarAsyncClient | GET https://data.sec.gov/api/xbrl/companyfacts/CIK0000004457.json
2025-12-20 21:37:29,726 | DEBUG | EdgarAsyncClient | GET https://data.sec.gov/api/xbrl/companyfacts/CIK0001336545.json
2025-12-20 21:37:30,060 | DEBUG | EdgarAsyncClient | GET https://data.sec.gov/api/xbrl/companyfacts/CIK0001336545.json
2025-12-20 21:37:30,400 | DEBUG | EdgarAsyncClient | GET https://data.sec.gov/api/xbrl/companyfacts/CIK0000051124.json
2025-12-20 21:37:30,726 | DEBUG | EdgarAsyncClient | GET https://data.sec.gov/api/xbrl/companyfacts/CIK0000772349.json
2025-12-20 21:37:31,059 | DEBUG | EdgarAsyncClient | GET https://data.sec.gov/api/xbrl/companyfacts/CIK0000315136.json
2025-12-20 21:37:31,398 | DEBUG | EdgarAsyncClient | GET https://data.sec.gov/api/xbrl/companyfacts/CIK0001068078.json
2025-12-20 21:37:31,726 | DEBUG | EdgarAsyncClient | GET https://data.sec.gov/api/xbrl/companyfacts/CIK0000868076.json
2025-12-20 21:37:32,059 | DEBUG | EdgarAsyncClient | GET https://data.sec.gov/api/xbrl/companyfacts/CIK0001256536.json
2025-12-20 21:37:32,393 | DEBUG | EdgarAsyncClient | GET https://data.sec.gov/api/xbrl/companyfacts/CIK0000922812.json
2025-12-20 21:37:32,728 | DEBUG | EdgarAsyncClient | GET https://data.sec.gov/api/xbrl/companyfacts/CIK0000853927.json
2025-12-20 21:37:33,059 | DEBUG | EdgarAsyncClient | GET https://data.sec.gov/api/xbrl/companyfacts/CIK0000878774.json
2025-12-20 21:37:33,393 | DEBUG | EdgarAsyncClient | GET https://data.sec.gov/api/xbrl/companyfacts/CIK0000005588.json
2025-12-20 21:37:33,727 | DEBUG | EdgarAsyncClient | GET https://data.sec.gov/api/xbrl/companyfacts/CIK0001072258.json
2025-12-20 21:37:34,060 | DEBUG | EdgarAsyncClient | GET https://data.sec.gov/api/xbrl/companyfacts/CIK0000824206.json
2025-12-20 21:37:34,393 | DEBUG | EdgarAsyncClient | GET https://data.sec.gov/api/xbrl/companyfacts/CIK0001121783.json
2025-12-20 21:37:34,725 | DEBUG | EdgarAsyncClient | GET https://data.sec.gov/api/xbrl/companyfacts/CIK0001095827.json
2025-12-20 21:37:35,061 | DEBUG | EdgarAsyncClient | GET https://data.sec.gov/api/xbrl/companyfacts/CIK0000726990.json
2025-12-20 21:37:35,393 | DEBUG | EdgarAsyncClient | GET https://data.sec.gov/api/xbrl/companyfacts/CIK0000811119.json
2025-12-20 21:37:35,726 | DEBUG | EdgarAsyncClient | GET https://data.sec.gov/api/xbrl/companyfacts/CIK0000875612.json
2025-12-20 21:37:36,060 | DEBUG | EdgarAsyncClient | GET https://data.sec.gov/api/xbrl/companyfacts/CIK0001004153.json
2025-12-20 21:37:36,397 | DEBUG | EdgarAsyncClient | GET https://data.sec.gov/api/xbrl/companyfacts/CIK0000006071.json
2025-12-20 21:37:36,726 | DEBUG | EdgarAsyncClient | GET https://data.sec.gov/api/xbrl/companyfacts/CIK0001015535.json
2025-12-20 21:37:37,059 | DEBUG | EdgarAsyncClient | GET https://data.sec.gov/api/xbrl/companyfacts/CIK0000731859.json
2025-12-20 21:37:37,393 | DEBUG | EdgarAsyncClient | GET https://data.sec.gov/api/xbrl/companyfacts/CIK0000006201.json
2025-12-20 21:37:37,727 | DEBUG | EdgarAsyncClient | GET https://data.sec.gov/api/xbrl/companyfacts/CIK0000225569.json
2025-12-20 21:37:38,060 | DEBUG | EdgarAsyncClient | GET https://data.sec.gov/api/xbrl/companyfacts/CIK0000780118.json
2025-12-20 21:37:38,393 | DEBUG | EdgarAsyncClient | GET https://data.sec.gov/api/xbrl/companyfacts/CIK0000006260.json
2025-12-20 21:37:38,726 | DEBUG | EdgarAsyncClient | GET https://data.sec.gov/api/xbrl/companyfacts/CIK0001097523.json
2025-12-20 21:37:39,059 | DEBUG | EdgarAsyncClient | GET https://data.sec.gov/api/xbrl/companyfacts/CIK0000885322.json
2025-12-20 21:37:39,393 | DEBUG | EdgarAsyncClient | GET https://data.sec.gov/api/xbrl/companyfacts/CIK0001052163.json
2025-12-20 21:37:39,730 | DEBUG | EdgarAsyncClient | GET https://data.sec.gov/api/xbrl/companyfacts/CIK0001052163.json
2025-12-20 21:37:40,059 | DEBUG | EdgarAsyncClient | GET https://data.sec.gov/api/xbrl/companyfacts/CIK0001052163.json
2025-12-20 21:37:40,392 | DEBUG | EdgarAsyncClient | GET https://data.sec.gov/api/xbrl/companyfacts/CIK0000935802.json
2025-12-20 21:37:40,726 | DEBUG | EdgarAsyncClient | GET https://data.sec.gov/api/xbrl/companyfacts/CIK0001050112.json
2025-12-20 21:37:41,060 | DEBUG | EdgarAsyncClient | GET https://data.sec.gov/api/xbrl/companyfacts/CIK0001011509.json
2025-12-20 21:37:41,393 | DEBUG | EdgarAsyncClient | GET https://data.sec.gov/api/xbrl/companyfacts/CIK0000874389.json
2025-12-20 21:37:41,726 | DEBUG | EdgarAsyncClient | GET https://data.sec.gov/api/xbrl/companyfacts/CIK0000006948.json
2025-12-20 21:37:42,059 | DEBUG | EdgarAsyncClient | GET https://data.sec.gov/api/xbrl/companyfacts/CIK0001405073.json
2025-12-20 21:37:42,392 | DEBUG | EdgarAsyncClient | GET https://data.sec.gov/api/xbrl/companyfacts/CIK0000860420.json
2025-12-20 21:37:42,726 | DEBUG | EdgarAsyncClient | GET https://data.sec.gov/api/xbrl/companyfacts/CIK0001111938.json
2025-12-20 21:37:43,059 | DEBUG | EdgarAsyncClient | GET https://data.sec.gov/api/xbrl/companyfacts/CIK0001037676.json
2025-12-20 21:37:43,393 | DEBUG | EdgarAsyncClient | GET https://data.sec.gov/api/xbrl/companyfacts/CIK0000915390.json
2025-12-20 21:37:43,725 | DEBUG | EdgarAsyncClient | GET https://data.sec.gov/api/xbrl/companyfacts/CIK0000910562.json
2025-12-20 21:37:44,063 | DEBUG | EdgarAsyncClient | GET https://data.sec.gov/api/xbrl/companyfacts/CIK0001532288.json
2025-12-20 21:37:44,402 | DEBUG | EdgarAsyncClient | GET https://data.sec.gov/api/xbrl/companyfacts/CIK0001013243.json
2025-12-20 21:37:44,726 | DEBUG | EdgarAsyncClient | GET https://data.sec.gov/api/xbrl/companyfacts/CIK0001655075.json
2025-12-20 21:37:45,062 | DEBUG | EdgarAsyncClient | GET https://data.sec.gov/api/xbrl/companyfacts/CIK0000007431.json
2025-12-20 21:37:45,397 | DEBUG | EdgarAsyncClient | GET https://data.sec.gov/api/xbrl/companyfacts/CIK0001498301.json
2025-12-20 21:37:45,726 | DEBUG | EdgarAsyncClient | GET https://data.sec.gov/api/xbrl/companyfacts/CIK0001113836.json
2025-12-20 21:37:46,059 | DEBUG | EdgarAsyncClient | GET https://data.sec.gov/api/xbrl/companyfacts/CIK0001506545.json
2025-12-20 21:37:46,394 | DEBUG | EdgarAsyncClient | GET https://data.sec.gov/api/xbrl/companyfacts/CIK0000929994.json
2025-12-20 21:37:46,726 | DEBUG | EdgarAsyncClient | GET https://data.sec.gov/api/xbrl/companyfacts/CIK0000909326.json
2025-12-20 21:37:47,064 | DEBUG | EdgarAsyncClient | GET https://data.sec.gov/api/xbrl/companyfacts/CIK0001020620.json
2025-12-20 21:37:47,393 | DEBUG | EdgarAsyncClient | GET https://data.sec.gov/api/xbrl/companyfacts/CIK0001113527.json
2025-12-20 21:37:47,727 | DEBUG | EdgarAsyncClient | GET https://data.sec.gov/api/xbrl/companyfacts/CIK0000898904.json
2025-12-20 21:37:48,059 | DEBUG | EdgarAsyncClient | GET https://data.sec.gov/api/xbrl/companyfacts/CIK0000911115.json
2025-12-20 21:37:48,396 | DEBUG | EdgarAsyncClient | GET https://data.sec.gov/api/xbrl/companyfacts/CIK0001035423.json
2025-12-20 21:37:48,726 | DEBUG | EdgarAsyncClient | GET https://data.sec.gov/api/xbrl/companyfacts/CIK0001135185.json
2025-12-20 21:37:49,059 | DEBUG | EdgarAsyncClient | GET https://data.sec.gov/api/xbrl/companyfacts/CIK0001532750.json
2025-12-20 21:37:49,393 | DEBUG | EdgarAsyncClient | GET https://data.sec.gov/api/xbrl/companyfacts/CIK0001123647.json
2025-12-20 21:37:49,726 | DEBUG | EdgarAsyncClient | GET https://data.sec.gov/api/xbrl/companyfacts/CIK0001005015.json
2025-12-20 21:37:50,059 | DEBUG | EdgarAsyncClient | GET https://data.sec.gov/api/xbrl/companyfacts/CIK0001060024.json
2025-12-20 21:37:50,393 | DEBUG | EdgarAsyncClient | GET https://data.sec.gov/api/xbrl/companyfacts/CIK0001097081.json
2025-12-20 21:37:50,726 | DEBUG | EdgarAsyncClient | GET https://data.sec.gov/api/xbrl/companyfacts/CIK0000913364.json
2025-12-20 21:37:51,060 | DEBUG | EdgarAsyncClient | GET https://data.sec.gov/api/xbrl/companyfacts/CIK0000074783.json
2025-12-20 21:37:51,392 | DEBUG | EdgarAsyncClient | GET https://data.sec.gov/api/xbrl/companyfacts/CIK0000937971.json
2025-12-20 21:37:51,726 | DEBUG | EdgarAsyncClient | GET https://data.sec.gov/api/xbrl/companyfacts/CIK0000883702.json
2025-12-20 21:37:52,059 | DEBUG | EdgarAsyncClient | GET https://data.sec.gov/api/xbrl/companyfacts/CIK0001017648.json
2025-12-20 21:37:52,392 | DEBUG | EdgarAsyncClient | GET https://data.sec.gov/api/xbrl/companyfacts/CIK0000030841.json
2025-12-20 21:37:52,726 | DEBUG | EdgarAsyncClient | GET https://data.sec.gov/api/xbrl/companyfacts/CIK0000796486.json
2025-12-20 21:37:53,059 | DEBUG | EdgarAsyncClient | GET https://data.sec.gov/api/xbrl/companyfacts/CIK0001078420.json
2025-12-20 21:37:53,392 | DEBUG | EdgarAsyncClient | GET https://data.sec.gov/api/xbrl/companyfacts/CIK0000876320.json
2025-12-20 21:37:53,726 | DEBUG | EdgarAsyncClient | GET https://data.sec.gov/api/xbrl/companyfacts/CIK0000096638.json
2025-12-20 21:37:54,059 | DEBUG | EdgarAsyncClient | GET https://data.sec.gov/api/xbrl/companyfacts/CIK0000002852.json
2025-12-20 21:37:54,392 | DEBUG | EdgarAsyncClient | GET https://data.sec.gov/api/xbrl/companyfacts/CIK0001337913.json
2025-12-20 21:37:54,726 | DEBUG | EdgarAsyncClient | GET https://data.sec.gov/api/xbrl/companyfacts/CIK0001058703.json
2025-12-20 21:37:55,059 | DEBUG | EdgarAsyncClient | GET https://data.sec.gov/api/xbrl/companyfacts/CIK0000202890.json
2025-12-20 21:37:55,393 | DEBUG | EdgarAsyncClient | GET https://data.sec.gov/api/xbrl/companyfacts/CIK0000885066.json
2025-12-20 21:37:55,727 | DEBUG | EdgarAsyncClient | GET https://data.sec.gov/api/xbrl/companyfacts/CIK0000909950.json
2025-12-20 21:37:56,060 | DEBUG | EdgarAsyncClient | GET https://data.sec.gov/api/xbrl/companyfacts/CIK0000003941.json
2025-12-20 21:37:56,392 | DEBUG | EdgarAsyncClient | GET https://data.sec.gov/api/xbrl/companyfacts/CIK0001013218.json
2025-12-20 21:37:56,726 | DEBUG | EdgarAsyncClient | GET https://data.sec.gov/api/xbrl/companyfacts/CIK0000027425.json
2025-12-20 21:37:57,059 | DEBUG | EdgarAsyncClient | GET https://data.sec.gov/api/xbrl/companyfacts/CIK0000714756.json
2025-12-20 21:37:57,398 | DEBUG | EdgarAsyncClient | GET https://data.sec.gov/api/xbrl/companyfacts/CIK0000027425.json
2025-12-20 21:37:57,726 | DEBUG | EdgarAsyncClient | GET https://data.sec.gov/api/xbrl/companyfacts/CIK0000051124.json
2025-12-20 21:37:58,059 | DEBUG | EdgarAsyncClient | GET https://data.sec.gov/api/xbrl/companyfacts/CIK0000772349.json
2025-12-20 21:37:58,393 | DEBUG | EdgarAsyncClient | GET https://data.sec.gov/api/xbrl/companyfacts/CIK0000315136.json
2025-12-20 21:37:58,726 | DEBUG | EdgarAsyncClient | GET https://data.sec.gov/api/xbrl/companyfacts/CIK0000868076.json
2025-12-20 21:37:59,062 | DEBUG | EdgarAsyncClient | GET https://data.sec.gov/api/xbrl/companyfacts/CIK0001068078.json
2025-12-20 21:37:59,393 | DEBUG | EdgarAsyncClient | GET https://data.sec.gov/api/xbrl/companyfacts/CIK0001256536.json
2025-12-20 21:37:59,725 | DEBUG | EdgarAsyncClient | GET https://data.sec.gov/api/xbrl/companyfacts/CIK0000853927.json
2025-12-20 21:38:00,059 | DEBUG | EdgarAsyncClient | GET https://data.sec.gov/api/xbrl/companyfacts/CIK0000922812.json
2025-12-20 21:38:00,395 | DEBUG | EdgarAsyncClient | GET https://data.sec.gov/api/xbrl/companyfacts/CIK0000878774.json
2025-12-20 21:38:00,726 | DEBUG | EdgarAsyncClient | GET https://data.sec.gov/api/xbrl/companyfacts/CIK0000005588.json
2025-12-20 21:38:01,060 | DEBUG | EdgarAsyncClient | GET https://data.sec.gov/api/xbrl/companyfacts/CIK0001072258.json
2025-12-20 21:38:01,392 | DEBUG | EdgarAsyncClient | GET https://data.sec.gov/api/xbrl/companyfacts/CIK0000824206.json
2025-12-20 21:38:01,726 | DEBUG | EdgarAsyncClient | GET https://data.sec.gov/api/xbrl/companyfacts/CIK0001095827.json
2025-12-20 21:38:02,058 | DEBUG | EdgarAsyncClient | GET https://data.sec.gov/api/xbrl/companyfacts/CIK0000726990.json
2025-12-20 21:38:02,396 | DEBUG | EdgarAsyncClient | GET https://data.sec.gov/api/xbrl/companyfacts/CIK0000875612.json
2025-12-20 21:38:02,726 | DEBUG | EdgarAsyncClient | GET https://data.sec.gov/api/xbrl/companyfacts/CIK0000811119.json
2025-12-20 21:38:03,059 | DEBUG | EdgarAsyncClient | GET https://data.sec.gov/api/xbrl/companyfacts/CIK0001004153.json
2025-12-20 21:38:03,392 | DEBUG | EdgarAsyncClient | GET https://data.sec.gov/api/xbrl/companyfacts/CIK0000006071.json
2025-12-20 21:38:03,725 | DEBUG | EdgarAsyncClient | GET https://data.sec.gov/api/xbrl/companyfacts/CIK0001015535.json
2025-12-20 21:38:04,059 | DEBUG | EdgarAsyncClient | GET https://data.sec.gov/api/xbrl/companyfacts/CIK0000225569.json
2025-12-20 21:38:04,393 | DEBUG | EdgarAsyncClient | GET https://data.sec.gov/api/xbrl/companyfacts/CIK0000006260.json
2025-12-20 21:38:04,726 | DEBUG | EdgarAsyncClient | GET https://data.sec.gov/api/xbrl/companyfacts/CIK0000780118.json
2025-12-20 21:38:05,059 | DEBUG | EdgarAsyncClient | GET https://data.sec.gov/api/xbrl/companyfacts/CIK0001097523.json
2025-12-20 21:38:05,392 | DEBUG | EdgarAsyncClient | GET https://data.sec.gov/api/xbrl/companyfacts/CIK0001052163.json
2025-12-20 21:38:05,726 | DEBUG | EdgarAsyncClient | GET https://data.sec.gov/api/xbrl/companyfacts/CIK0001052163.json
2025-12-20 21:38:06,059 | DEBUG | EdgarAsyncClient | GET https://data.sec.gov/api/xbrl/companyfacts/CIK0001052163.json
2025-12-20 21:38:06,393 | DEBUG | EdgarAsyncClient | GET https://data.sec.gov/api/xbrl/companyfacts/CIK0000935802.json
2025-12-20 21:38:06,726 | DEBUG | EdgarAsyncClient | GET https://data.sec.gov/api/xbrl/companyfacts/CIK0001050112.json
2025-12-20 21:38:07,059 | DEBUG | EdgarAsyncClient | GET https://data.sec.gov/api/xbrl/companyfacts/CIK0000874389.json
2025-12-20 21:38:07,393 | DEBUG | EdgarAsyncClient | GET https://data.sec.gov/api/xbrl/companyfacts/CIK0000006948.json
2025-12-20 21:38:07,725 | DEBUG | EdgarAsyncClient | GET https://data.sec.gov/api/xbrl/companyfacts/CIK0000860420.json
2025-12-20 21:38:08,059 | DEBUG | EdgarAsyncClient | GET https://data.sec.gov/api/xbrl/companyfacts/CIK0001111938.json
2025-12-20 21:38:08,392 | DEBUG | EdgarAsyncClient | GET https://data.sec.gov/api/xbrl/companyfacts/CIK0000915390.json
2025-12-20 21:38:08,726 | DEBUG | EdgarAsyncClient | GET https://data.sec.gov/api/xbrl/companyfacts/CIK0000910562.json
2025-12-20 21:38:09,059 | DEBUG | EdgarAsyncClient | GET https://data.sec.gov/api/xbrl/companyfacts/CIK0001013243.json
2025-12-20 21:38:09,393 | DEBUG | EdgarAsyncClient | GET https://data.sec.gov/api/xbrl/companyfacts/CIK0001113836.json
2025-12-20 21:38:09,726 | DEBUG | EdgarAsyncClient | GET https://data.sec.gov/api/xbrl/companyfacts/CIK0001020620.json
2025-12-20 21:38:10,059 | DEBUG | EdgarAsyncClient | GET https://data.sec.gov/api/xbrl/companyfacts/CIK0001113527.json
2025-12-20 21:38:10,392 | DEBUG | EdgarAsyncClient | GET https://data.sec.gov/api/xbrl/companyfacts/CIK0000909326.json
2025-12-20 21:38:10,725 | DEBUG | EdgarAsyncClient | GET https://data.sec.gov/api/xbrl/companyfacts/CIK0000898904.json
2025-12-20 21:38:11,061 | DEBUG | EdgarAsyncClient | GET https://data.sec.gov/api/xbrl/companyfacts/CIK0000911115.json
2025-12-20 21:38:11,392 | DEBUG | EdgarAsyncClient | GET https://data.sec.gov/api/xbrl/companyfacts/CIK0001035423.json
2025-12-20 21:38:11,725 | DEBUG | EdgarAsyncClient | GET https://data.sec.gov/api/xbrl/companyfacts/CIK0001005015.json
2025-12-20 21:38:12,058 | DEBUG | EdgarAsyncClient | GET https://data.sec.gov/api/xbrl/companyfacts/CIK0001060024.json
2025-12-20 21:38:12,394 | DEBUG | EdgarAsyncClient | GET https://data.sec.gov/api/xbrl/companyfacts/CIK0000074783.json
2025-12-20 21:38:12,725 | DEBUG | EdgarAsyncClient | GET https://data.sec.gov/api/xbrl/companyfacts/CIK0001097081.json
2025-12-20 21:38:13,059 | DEBUG | EdgarAsyncClient | GET https://data.sec.gov/api/xbrl/companyfacts/CIK0000913364.json
2025-12-20 21:38:13,395 | DEBUG | EdgarAsyncClient | GET https://data.sec.gov/api/xbrl/companyfacts/CIK0000937971.json
2025-12-20 21:38:13,726 | DEBUG | EdgarAsyncClient | GET https://data.sec.gov/api/xbrl/companyfacts/CIK0001017648.json
2025-12-20 21:38:14,059 | DEBUG | EdgarAsyncClient | GET https://data.sec.gov/api/xbrl/companyfacts/CIK0000883702.json
2025-12-20 21:38:14,392 | DEBUG | EdgarAsyncClient | GET https://data.sec.gov/api/xbrl/companyfacts/CIK0000796486.json
2025-12-20 21:38:14,725 | DEBUG | EdgarAsyncClient | GET https://data.sec.gov/api/xbrl/companyfacts/CIK0001078420.json
2025-12-20 21:38:15,060 | DEBUG | EdgarAsyncClient | GET https://data.sec.gov/api/xbrl/companyfacts/CIK0000030841.json
2025-12-20 21:38:15,392 | DEBUG | EdgarAsyncClient | GET https://data.sec.gov/api/xbrl/companyfacts/CIK0000876320.json
2025-12-20 21:38:15,725 | DEBUG | EdgarAsyncClient | GET https://data.sec.gov/api/xbrl/companyfacts/CIK0000096638.json
2025-12-20 21:38:16,059 | DEBUG | EdgarAsyncClient | GET https://data.sec.gov/api/xbrl/companyfacts/CIK0000002852.json
2025-12-20 21:38:16,392 | DEBUG | EdgarAsyncClient | GET https://data.sec.gov/api/xbrl/companyfacts/CIK0001337913.json
2025-12-20 21:38:16,725 | DEBUG | EdgarAsyncClient | GET https://data.sec.gov/api/xbrl/companyfacts/CIK0001058703.json
2025-12-20 21:38:17,058 | DEBUG | EdgarAsyncClient | GET https://data.sec.gov/api/xbrl/companyfacts/CIK0000885066.json
2025-12-20 21:38:17,392 | DEBUG | EdgarAsyncClient | GET https://data.sec.gov/api/xbrl/companyfacts/CIK0000202890.json
2025-12-20 21:38:17,725 | DEBUG | EdgarAsyncClient | GET https://data.sec.gov/api/xbrl/companyfacts/CIK0000909950.json
2025-12-20 21:38:18,058 | DEBUG | EdgarAsyncClient | GET https://data.sec.gov/api/xbrl/companyfacts/CIK0000003941.json
2025-12-20 21:38:18,392 | DEBUG | EdgarAsyncClient | GET https://data.sec.gov/api/xbrl/companyfacts/CIK0001013218.json
2025-12-20 21:38:18,725 | DEBUG | EdgarAsyncClient | GET https://data.sec.gov/api/xbrl/companyfacts/CIK0000714756.json
2025-12-20 21:38:19,059 | DEBUG | EdgarAsyncClient | GET https://data.sec.gov/api/xbrl/companyfacts/CIK0000027425.json
2025-12-20 21:38:19,392 | DEBUG | EdgarAsyncClient | GET https://data.sec.gov/api/xbrl/companyfacts/CIK0000051124.json
2025-12-20 21:38:19,725 | DEBUG | EdgarAsyncClient | GET https://data.sec.gov/api/xbrl/companyfacts/CIK0000027425.json
2025-12-20 21:38:20,067 | DEBUG | EdgarAsyncClient | GET https://data.sec.gov/api/xbrl/companyfacts/CIK0000315136.json
2025-12-20 21:38:20,392 | DEBUG | EdgarAsyncClient | GET https://data.sec.gov/api/xbrl/companyfacts/CIK0000868076.json
2025-12-20 21:38:20,725 | DEBUG | EdgarAsyncClient | GET https://data.sec.gov/api/xbrl/companyfacts/CIK0000772349.json
2025-12-20 21:38:21,059 | DEBUG | EdgarAsyncClient | GET https://data.sec.gov/api/xbrl/companyfacts/CIK0001068078.json
2025-12-20 21:38:21,393 | DEBUG | EdgarAsyncClient | GET https://data.sec.gov/api/xbrl/companyfacts/CIK0000853927.json
2025-12-20 21:38:21,725 | DEBUG | EdgarAsyncClient | GET https://data.sec.gov/api/xbrl/companyfacts/CIK0001256536.json
2025-12-20 21:38:22,059 | DEBUG | EdgarAsyncClient | GET https://data.sec.gov/api/xbrl/companyfacts/CIK0000922812.json
2025-12-20 21:38:22,391 | DEBUG | EdgarAsyncClient | GET https://data.sec.gov/api/xbrl/companyfacts/CIK0000878774.json
2025-12-20 21:38:22,724 | DEBUG | EdgarAsyncClient | GET https://data.sec.gov/api/xbrl/companyfacts/CIK0000824206.json
2025-12-20 21:38:23,062 | DEBUG | EdgarAsyncClient | GET https://data.sec.gov/api/xbrl/companyfacts/CIK0000005588.json
2025-12-20 21:38:23,392 | DEBUG | EdgarAsyncClient | GET https://data.sec.gov/api/xbrl/companyfacts/CIK0001072258.json
2025-12-20 21:38:23,725 | DEBUG | EdgarAsyncClient | GET https://data.sec.gov/api/xbrl/companyfacts/CIK0000726990.json
2025-12-20 21:38:24,059 | DEBUG | EdgarAsyncClient | GET https://data.sec.gov/api/xbrl/companyfacts/CIK0001095827.json
2025-12-20 21:38:24,393 | DEBUG | EdgarAsyncClient | GET https://data.sec.gov/api/xbrl/companyfacts/CIK0000811119.json
2025-12-20 21:38:24,725 | DEBUG | EdgarAsyncClient | GET https://data.sec.gov/api/xbrl/companyfacts/CIK0000875612.json
2025-12-20 21:38:25,059 | DEBUG | EdgarAsyncClient | GET https://data.sec.gov/api/xbrl/companyfacts/CIK0001004153.json
2025-12-20 21:38:25,392 | DEBUG | EdgarAsyncClient | GET https://data.sec.gov/api/xbrl/companyfacts/CIK0000006071.json
2025-12-20 21:38:25,725 | DEBUG | EdgarAsyncClient | GET https://data.sec.gov/api/xbrl/companyfacts/CIK0001015535.json
2025-12-20 21:38:26,059 | DEBUG | EdgarAsyncClient | GET https://data.sec.gov/api/xbrl/companyfacts/CIK0000225569.json
2025-12-20 21:38:26,392 | DEBUG | EdgarAsyncClient | GET https://data.sec.gov/api/xbrl/companyfacts/CIK0000006260.json
2025-12-20 21:38:26,725 | DEBUG | EdgarAsyncClient | GET https://data.sec.gov/api/xbrl/companyfacts/CIK0001097523.json
2025-12-20 21:38:27,059 | DEBUG | EdgarAsyncClient | GET https://data.sec.gov/api/xbrl/companyfacts/CIK0000780118.json
2025-12-20 21:38:27,403 | DEBUG | EdgarAsyncClient | GET https://data.sec.gov/api/xbrl/companyfacts/CIK0001052163.json
2025-12-20 21:38:27,726 | DEBUG | EdgarAsyncClient | GET https://data.sec.gov/api/xbrl/companyfacts/CIK0001052163.json
2025-12-20 21:38:28,061 | DEBUG | EdgarAsyncClient | GET https://data.sec.gov/api/xbrl/companyfacts/CIK0001052163.json
2025-12-20 21:38:28,392 | DEBUG | EdgarAsyncClient | GET https://data.sec.gov/api/xbrl/companyfacts/CIK0001050112.json
2025-12-20 21:38:28,725 | DEBUG | EdgarAsyncClient | GET https://data.sec.gov/api/xbrl/companyfacts/CIK0000935802.json
2025-12-20 21:38:29,066 | DEBUG | EdgarAsyncClient | GET https://data.sec.gov/api/xbrl/companyfacts/CIK0000874389.json
2025-12-20 21:38:29,392 | DEBUG | EdgarAsyncClient | GET https://data.sec.gov/api/xbrl/companyfacts/CIK0000006948.json
2025-12-20 21:38:29,725 | DEBUG | EdgarAsyncClient | GET https://data.sec.gov/api/xbrl/companyfacts/CIK0000860420.json
2025-12-20 21:38:30,059 | DEBUG | EdgarAsyncClient | GET https://data.sec.gov/api/xbrl/companyfacts/CIK0000910562.json
2025-12-20 21:38:30,392 | DEBUG | EdgarAsyncClient | GET https://data.sec.gov/api/xbrl/companyfacts/CIK0001111938.json
2025-12-20 21:38:30,725 | DEBUG | EdgarAsyncClient | GET https://data.sec.gov/api/xbrl/companyfacts/CIK0000915390.json
2025-12-20 21:38:31,059 | DEBUG | EdgarAsyncClient | GET https://data.sec.gov/api/xbrl/companyfacts/CIK0001020620.json
2025-12-20 21:38:31,392 | DEBUG | EdgarAsyncClient | GET https://data.sec.gov/api/xbrl/companyfacts/CIK0001113836.json
2025-12-20 21:38:31,725 | DEBUG | EdgarAsyncClient | GET https://data.sec.gov/api/xbrl/companyfacts/CIK0001113527.json
2025-12-20 21:38:32,058 | DEBUG | EdgarAsyncClient | GET https://data.sec.gov/api/xbrl/companyfacts/CIK0001013243.json
2025-12-20 21:38:32,392 | DEBUG | EdgarAsyncClient | GET https://data.sec.gov/api/xbrl/companyfacts/CIK0000898904.json
2025-12-20 21:38:32,725 | DEBUG | EdgarAsyncClient | GET https://data.sec.gov/api/xbrl/companyfacts/CIK0000911115.json
2025-12-20 21:38:33,059 | DEBUG | EdgarAsyncClient | GET https://data.sec.gov/api/xbrl/companyfacts/CIK0000909326.json
2025-12-20 21:38:33,393 | DEBUG | EdgarAsyncClient | GET https://data.sec.gov/api/xbrl/companyfacts/CIK0001035423.json
2025-12-20 21:38:33,726 | DEBUG | EdgarAsyncClient | GET https://data.sec.gov/api/xbrl/companyfacts/CIK0001060024.json
2025-12-20 21:38:34,059 | DEBUG | EdgarAsyncClient | GET https://data.sec.gov/api/xbrl/companyfacts/CIK0001005015.json
2025-12-20 21:38:34,394 | DEBUG | EdgarAsyncClient | GET https://data.sec.gov/api/xbrl/companyfacts/CIK0001097081.json
2025-12-20 21:38:34,725 | DEBUG | EdgarAsyncClient | GET https://data.sec.gov/api/xbrl/companyfacts/CIK0000074783.json
2025-12-20 21:38:35,059 | DEBUG | EdgarAsyncClient | GET https://data.sec.gov/api/xbrl/companyfacts/CIK0000937971.json
2025-12-20 21:38:35,392 | DEBUG | EdgarAsyncClient | GET https://data.sec.gov/api/xbrl/companyfacts/CIK0000913364.json
2025-12-20 21:38:35,725 | DEBUG | EdgarAsyncClient | GET https://data.sec.gov/api/xbrl/companyfacts/CIK0001017648.json
2025-12-20 21:38:36,059 | DEBUG | EdgarAsyncClient | GET https://data.sec.gov/api/xbrl/companyfacts/CIK0000883702.json
2025-12-20 21:38:36,392 | DEBUG | EdgarAsyncClient | GET https://data.sec.gov/api/xbrl/companyfacts/CIK0001078420.json
2025-12-20 21:38:36,725 | DEBUG | EdgarAsyncClient | GET https://data.sec.gov/api/xbrl/companyfacts/CIK0000796486.json
2025-12-20 21:38:37,058 | DEBUG | EdgarAsyncClient | GET https://data.sec.gov/api/xbrl/companyfacts/CIK0000030841.json
2025-12-20 21:38:37,391 | DEBUG | EdgarAsyncClient | GET https://data.sec.gov/api/xbrl/companyfacts/CIK0000096638.json
2025-12-20 21:38:37,725 | DEBUG | EdgarAsyncClient | GET https://data.sec.gov/api/xbrl/companyfacts/CIK0000876320.json
2025-12-20 21:38:38,059 | DEBUG | EdgarAsyncClient | GET https://data.sec.gov/api/xbrl/companyfacts/CIK0000002852.json
2025-12-20 21:38:38,392 | DEBUG | EdgarAsyncClient | GET https://data.sec.gov/api/xbrl/companyfacts/CIK0001058703.json
2025-12-20 21:38:38,727 | DEBUG | EdgarAsyncClient | GET https://data.sec.gov/api/xbrl/companyfacts/CIK0000885066.json
2025-12-20 21:38:39,058 | DEBUG | EdgarAsyncClient | GET https://data.sec.gov/api/xbrl/companyfacts/CIK0001337913.json
2025-12-20 21:38:39,392 | DEBUG | EdgarAsyncClient | GET https://data.sec.gov/api/xbrl/companyfacts/CIK0000202890.json
2025-12-20 21:38:39,725 | DEBUG | EdgarAsyncClient | GET https://data.sec.gov/api/xbrl/companyfacts/CIK0000909950.json
2025-12-20 21:38:40,058 | DEBUG | EdgarAsyncClient | GET https://data.sec.gov/api/xbrl/companyfacts/CIK0000003941.json
2025-12-20 21:38:40,392 | DEBUG | EdgarAsyncClient | GET https://data.sec.gov/api/xbrl/companyfacts/CIK0001013218.json
2025-12-20 21:38:40,726 | DEBUG | EdgarAsyncClient | GET https://data.sec.gov/api/xbrl/companyfacts/CIK0000714756.json
2025-12-20 21:38:41,071 | DEBUG | EdgarAsyncClient | GET https://data.sec.gov/api/xbrl/companyfacts/CIK0000027425.json
2025-12-20 21:38:41,392 | DEBUG | EdgarAsyncClient | GET https://data.sec.gov/api/xbrl/companyfacts/CIK0000051124.json
2025-12-20 21:38:41,725 | DEBUG | EdgarAsyncClient | GET https://data.sec.gov/api/xbrl/companyfacts/CIK0000315136.json
2025-12-20 21:38:42,058 | DEBUG | EdgarAsyncClient | GET https://data.sec.gov/api/xbrl/companyfacts/CIK0000027425.json
2025-12-20 21:38:42,392 | DEBUG | EdgarAsyncClient | GET https://data.sec.gov/api/xbrl/companyfacts/CIK0000868076.json
2025-12-20 21:38:42,725 | DEBUG | EdgarAsyncClient | GET https://data.sec.gov/api/xbrl/companyfacts/CIK0000772349.json
2025-12-20 21:38:43,058 | DEBUG | EdgarAsyncClient | GET https://data.sec.gov/api/xbrl/companyfacts/CIK0001068078.json
2025-12-20 21:38:43,392 | DEBUG | EdgarAsyncClient | GET https://data.sec.gov/api/xbrl/companyfacts/CIK0001256536.json
2025-12-20 21:38:43,725 | DEBUG | EdgarAsyncClient | GET https://data.sec.gov/api/xbrl/companyfacts/CIK0000853927.json
2025-12-20 21:38:44,061 | DEBUG | EdgarAsyncClient | GET https://data.sec.gov/api/xbrl/companyfacts/CIK0000878774.json
2025-12-20 21:38:44,391 | DEBUG | EdgarAsyncClient | GET https://data.sec.gov/api/xbrl/companyfacts/CIK0000922812.json
2025-12-20 21:38:44,726 | DEBUG | EdgarAsyncClient | GET https://data.sec.gov/api/xbrl/companyfacts/CIK0000824206.json
2025-12-20 21:38:45,060 | DEBUG | EdgarAsyncClient | GET https://data.sec.gov/api/xbrl/companyfacts/CIK0000005588.json
2025-12-20 21:38:45,395 | DEBUG | EdgarAsyncClient | GET https://data.sec.gov/api/xbrl/companyfacts/CIK0001072258.json
2025-12-20 21:38:45,725 | DEBUG | EdgarAsyncClient | GET https://data.sec.gov/api/xbrl/companyfacts/CIK0000726990.json
2025-12-20 21:38:46,059 | DEBUG | EdgarAsyncClient | GET https://data.sec.gov/api/xbrl/companyfacts/CIK0000811119.json
2025-12-20 21:38:46,391 | DEBUG | EdgarAsyncClient | GET https://data.sec.gov/api/xbrl/companyfacts/CIK0001095827.json
2025-12-20 21:38:46,725 | DEBUG | EdgarAsyncClient | GET https://data.sec.gov/api/xbrl/companyfacts/CIK0000875612.json
2025-12-20 21:38:47,061 | DEBUG | EdgarAsyncClient | GET https://data.sec.gov/api/xbrl/companyfacts/CIK0001004153.json
2025-12-20 21:38:47,393 | DEBUG | EdgarAsyncClient | GET https://data.sec.gov/api/xbrl/companyfacts/CIK0000006071.json
2025-12-20 21:38:47,725 | DEBUG | EdgarAsyncClient | GET https://data.sec.gov/api/xbrl/companyfacts/CIK0000225569.json
2025-12-20 21:38:48,059 | DEBUG | EdgarAsyncClient | GET https://data.sec.gov/api/xbrl/companyfacts/CIK0001015535.json
2025-12-20 21:38:48,394 | DEBUG | EdgarAsyncClient | GET https://data.sec.gov/api/xbrl/companyfacts/CIK0001097523.json
2025-12-20 21:38:48,725 | DEBUG | EdgarAsyncClient | GET https://data.sec.gov/api/xbrl/companyfacts/CIK0000780118.json
2025-12-20 21:38:49,059 | DEBUG | EdgarAsyncClient | GET https://data.sec.gov/api/xbrl/companyfacts/CIK0000006260.json
2025-12-20 21:38:49,392 | DEBUG | EdgarAsyncClient | GET https://data.sec.gov/api/xbrl/companyfacts/CIK0001052163.json
2025-12-20 21:38:49,725 | DEBUG | EdgarAsyncClient | GET https://data.sec.gov/api/xbrl/companyfacts/CIK0001052163.json
2025-12-20 21:38:50,058 | DEBUG | EdgarAsyncClient | GET https://data.sec.gov/api/xbrl/companyfacts/CIK0000935802.json
2025-12-20 21:38:50,392 | DEBUG | EdgarAsyncClient | GET https://data.sec.gov/api/xbrl/companyfacts/CIK0001052163.json
2025-12-20 21:38:50,725 | DEBUG | EdgarAsyncClient | GET https://data.sec.gov/api/xbrl/companyfacts/CIK0001050112.json
2025-12-20 21:38:51,062 | DEBUG | EdgarAsyncClient | GET https://data.sec.gov/api/xbrl/companyfacts/CIK0000874389.json
2025-12-20 21:38:51,392 | DEBUG | EdgarAsyncClient | GET https://data.sec.gov/api/xbrl/companyfacts/CIK0000006948.json
2025-12-20 21:38:51,726 | DEBUG | EdgarAsyncClient | GET https://data.sec.gov/api/xbrl/companyfacts/CIK0000860420.json
2025-12-20 21:38:52,059 | DEBUG | EdgarAsyncClient | GET https://data.sec.gov/api/xbrl/companyfacts/CIK0000915390.json
2025-12-20 21:38:52,392 | DEBUG | EdgarAsyncClient | GET https://data.sec.gov/api/xbrl/companyfacts/CIK0000910562.json
2025-12-20 21:38:52,725 | DEBUG | EdgarAsyncClient | GET https://data.sec.gov/api/xbrl/companyfacts/CIK0001111938.json
2025-12-20 21:38:53,057 | DEBUG | EdgarAsyncClient | GET https://data.sec.gov/api/xbrl/companyfacts/CIK0001020620.json
2025-12-20 21:38:53,392 | DEBUG | EdgarAsyncClient | GET https://data.sec.gov/api/xbrl/companyfacts/CIK0001113836.json
2025-12-20 21:38:53,725 | DEBUG | EdgarAsyncClient | GET https://data.sec.gov/api/xbrl/companyfacts/CIK0001113527.json
2025-12-20 21:38:54,059 | DEBUG | EdgarAsyncClient | GET https://data.sec.gov/api/xbrl/companyfacts/CIK0000911115.json
2025-12-20 21:38:54,392 | DEBUG | EdgarAsyncClient | GET https://data.sec.gov/api/xbrl/companyfacts/CIK0000898904.json
2025-12-20 21:38:54,725 | DEBUG | EdgarAsyncClient | GET https://data.sec.gov/api/xbrl/companyfacts/CIK0000909326.json
2025-12-20 21:38:55,058 | DEBUG | EdgarAsyncClient | GET https://data.sec.gov/api/xbrl/companyfacts/CIK0001060024.json
2025-12-20 21:38:55,392 | DEBUG | EdgarAsyncClient | GET https://data.sec.gov/api/xbrl/companyfacts/CIK0001035423.json
2025-12-20 21:38:55,725 | DEBUG | EdgarAsyncClient | GET https://data.sec.gov/api/xbrl/companyfacts/CIK0001005015.json
2025-12-20 21:38:56,030 | INFO | io_xlsx | Wrote /Users/iakovvainsthein/dev/python/fin_rx/beta/rx_solvency_snapshot.xlsx (100 rows)
2025-12-20 21:38:56,030 | INFO | main | Done. Output: /Users/iakovvainsthein/dev/python/fin_rx/beta/rx_solvency_snapshot.xlsx
